PREHOOK: query: CREATE TABLE src (key string COMMENT 'default') STORED AS TEXTFILE
PREHOOK: type: CREATETABLE
PREHOOK: Output: database:default
PREHOOK: Output: default@src
POSTHOOK: query: CREATE TABLE src (key string COMMENT 'default') STORED AS TEXTFILE
POSTHOOK: type: CREATETABLE
POSTHOOK: Output: database:default
POSTHOOK: Output: default@src
PREHOOK: query: insert into src values ('23'), ('6')
PREHOOK: type: QUERY
PREHOOK: Input: _dummy_database@_dummy_table
PREHOOK: Output: default@src
POSTHOOK: query: insert into src values ('23'), ('6')
POSTHOOK: type: QUERY
POSTHOOK: Input: _dummy_database@_dummy_table
POSTHOOK: Output: default@src
POSTHOOK: Lineage: src.key SCRIPT []
PREHOOK: query: create table ctas_part (key int) partitioned by (modkey bigint)
PREHOOK: type: CREATETABLE
PREHOOK: Output: database:default
PREHOOK: Output: default@ctas_part
POSTHOOK: query: create table ctas_part (key int) partitioned by (modkey bigint)
POSTHOOK: type: CREATETABLE
POSTHOOK: Output: database:default
POSTHOOK: Output: default@ctas_part
PREHOOK: query: explain cbo
insert overwrite table ctas_part partition (modkey)
select key, ceil(key / 100) from src order by key limit 3
PREHOOK: type: QUERY
PREHOOK: Input: default@src
PREHOOK: Output: default@ctas_part
POSTHOOK: query: explain cbo
insert overwrite table ctas_part partition (modkey)
select key, ceil(key / 100) from src order by key limit 3
POSTHOOK: type: QUERY
POSTHOOK: Input: default@src
POSTHOOK: Output: default@ctas_part
CBO PLAN:
HiveSortLimit(sort0=[$0], dir0=[ASC], fetch=[3])
  HiveProject(key=[$0], _o__c1=[CEIL(/(CAST($0):DOUBLE, CAST(100):DOUBLE))])
    HiveTableScan(table=[[default, src]], table:alias=[src])

PREHOOK: query: explain
insert overwrite table ctas_part partition (modkey)
select key, ceil(key / 100) from src order by key limit 3
PREHOOK: type: QUERY
PREHOOK: Input: default@src
PREHOOK: Output: default@ctas_part
POSTHOOK: query: explain
insert overwrite table ctas_part partition (modkey)
select key, ceil(key / 100) from src order by key limit 3
POSTHOOK: type: QUERY
POSTHOOK: Input: default@src
POSTHOOK: Output: default@ctas_part
STAGE DEPENDENCIES:
  Stage-1 is a root stage
  Stage-2 depends on stages: Stage-1
  Stage-0 depends on stages: Stage-2

STAGE PLANS:
  Stage: Stage-1
    Tez
#### A masked pattern was here ####
      Edges:
        Reducer 2 <- Map 1 (SIMPLE_EDGE)
        Reducer 3 <- Reducer 2 (SIMPLE_EDGE)
#### A masked pattern was here ####
      Vertices:
        Map 1 
            Map Operator Tree:
                TableScan
                  alias: src
                  Statistics: Num rows: 1 Data size: 184 Basic stats: COMPLETE Column stats: NONE
                  Top N Key Operator
                    sort order: +
                    keys: key (type: string)
                    null sort order: z
                    Statistics: Num rows: 1 Data size: 184 Basic stats: COMPLETE Column stats: NONE
                    top n: 3
                    Select Operator
                      expressions: key (type: string), ceil((UDFToDouble(key) / 100.0D)) (type: bigint)
                      outputColumnNames: _col0, _col1
                      Statistics: Num rows: 1 Data size: 184 Basic stats: COMPLETE Column stats: NONE
                      Reduce Output Operator
                        key expressions: _col0 (type: string)
                        null sort order: z
                        sort order: +
                        Statistics: Num rows: 1 Data size: 184 Basic stats: COMPLETE Column stats: NONE
                        value expressions: _col1 (type: bigint)
            Execution mode: llap
            LLAP IO: all inputs
        Reducer 2 
            Execution mode: llap
            Reduce Operator Tree:
              Select Operator
                expressions: KEY.reducesinkkey0 (type: string), VALUE._col0 (type: bigint)
                outputColumnNames: _col0, _col1
                Statistics: Num rows: 1 Data size: 184 Basic stats: COMPLETE Column stats: NONE
                Limit
                  Number of rows: 3
                  Statistics: Num rows: 1 Data size: 184 Basic stats: COMPLETE Column stats: NONE
                  Select Operator
                    expressions: UDFToInteger(_col0) (type: int), _col1 (type: bigint)
                    outputColumnNames: _col0, _col1
                    Statistics: Num rows: 1 Data size: 184 Basic stats: COMPLETE Column stats: NONE
                    Reduce Output Operator
                      key expressions: _col1 (type: bigint), _col0 (type: string)
                      null sort order: az
                      sort order: ++
                      Map-reduce partition columns: _col1 (type: bigint)
                      Statistics: Num rows: 1 Data size: 184 Basic stats: COMPLETE Column stats: NONE
                      value expressions: _col0 (type: int)
        Reducer 3 
            Execution mode: llap
            Reduce Operator Tree:
              Select Operator
                expressions: VALUE._col0 (type: int), KEY._col1 (type: bigint)
                outputColumnNames: _col0, _col1
                File Output Operator
                  compressed: false
                  Dp Sort State: PARTITION_SORTED
                  Statistics: Num rows: 1 Data size: 184 Basic stats: COMPLETE Column stats: NONE
                  table:
                      input format: org.apache.hadoop.mapred.TextInputFormat
                      output format: org.apache.hadoop.hive.ql.io.HiveIgnoreKeyTextOutputFormat
                      serde: org.apache.hadoop.hive.serde2.lazy.LazySimpleSerDe
                      name: default.ctas_part

  Stage: Stage-2
    Dependency Collection

  Stage: Stage-0
    Move Operator
      tables:
          partition:
            modkey 
          replace: true
          table:
              input format: org.apache.hadoop.mapred.TextInputFormat
              output format: org.apache.hadoop.hive.ql.io.HiveIgnoreKeyTextOutputFormat
              serde: org.apache.hadoop.hive.serde2.lazy.LazySimpleSerDe
              name: default.ctas_part

PREHOOK: query: explain vectorization detail
insert overwrite table ctas_part partition (modkey)
select key, ceil(key / 100) from src order by key limit 3
PREHOOK: type: QUERY
PREHOOK: Input: default@src
PREHOOK: Output: default@ctas_part
POSTHOOK: query: explain vectorization detail
insert overwrite table ctas_part partition (modkey)
select key, ceil(key / 100) from src order by key limit 3
POSTHOOK: type: QUERY
POSTHOOK: Input: default@src
POSTHOOK: Output: default@ctas_part
PLAN VECTORIZATION:
  enabled: true
  enabledConditionsMet: [hive.vectorized.execution.enabled IS true]

STAGE DEPENDENCIES:
  Stage-1 is a root stage
  Stage-2 depends on stages: Stage-1
  Stage-0 depends on stages: Stage-2

STAGE PLANS:
  Stage: Stage-1
    Tez
#### A masked pattern was here ####
      Edges:
        Reducer 2 <- Map 1 (SIMPLE_EDGE)
        Reducer 3 <- Reducer 2 (SIMPLE_EDGE)
#### A masked pattern was here ####
      Vertices:
        Map 1 
            Map Operator Tree:
                TableScan
                  alias: src
                  Statistics: Num rows: 1 Data size: 184 Basic stats: COMPLETE Column stats: NONE
                  TableScan Vectorization:
                      native: true
                      vectorizationSchemaColumns: [0:key:string, 1:ROW__ID:struct<writeid:bigint,bucketid:int,rowid:bigint>]
                  Top N Key Operator
                    sort order: +
                    keys: key (type: string)
                    null sort order: z
                    Statistics: Num rows: 1 Data size: 184 Basic stats: COMPLETE Column stats: NONE
                    top n: 3
                    Top N Key Vectorization:
                        className: VectorTopNKeyOperator
                        keyExpressions: col 0:string
                        native: true
                    Select Operator
                      expressions: key (type: string), ceil((UDFToDouble(key) / 100.0D)) (type: bigint)
                      outputColumnNames: _col0, _col1
                      Select Vectorization:
                          className: VectorSelectOperator
                          native: true
                          projectedOutputColumnNums: [0, 4]
                          selectExpressions: FuncCeilDoubleToLong(col 3:double)(children: DoubleColDivideDoubleScalar(col 2:double, val 100.0)(children: CastStringToDouble(col 0:string) -> 2:double) -> 3:double) -> 4:bigint
                      Statistics: Num rows: 1 Data size: 184 Basic stats: COMPLETE Column stats: NONE
                      Reduce Output Operator
                        key expressions: _col0 (type: string)
                        null sort order: z
                        sort order: +
                        Reduce Sink Vectorization:
                            className: VectorReduceSinkObjectHashOperator
                            keyColumns: 0:string
                            native: true
                            nativeConditionsMet: hive.vectorized.execution.reducesink.new.enabled IS true, hive.execution.engine tez IN [tez, spark] IS true, No PTF TopN IS true, No DISTINCT columns IS true, BinarySortableSerDe for keys IS true, LazyBinarySerDe for values IS true
                            valueColumns: 4:bigint
                        Statistics: Num rows: 1 Data size: 184 Basic stats: COMPLETE Column stats: NONE
                        value expressions: _col1 (type: bigint)
            Execution mode: vectorized, llap
            LLAP IO: all inputs
            Map Vectorization:
                enabled: true
                enabledConditionsMet: hive.vectorized.use.vector.serde.deserialize IS true
                inputFormatFeatureSupport: [DECIMAL_64]
                featureSupportInUse: [DECIMAL_64]
                inputFileFormats: org.apache.hadoop.mapred.TextInputFormat
                allNative: true
                usesVectorUDFAdaptor: false
                vectorized: true
                rowBatchContext:
                    dataColumnCount: 1
                    includeColumns: [0]
                    dataColumns: key:string
                    partitionColumnCount: 0
                    scratchColumnTypeNames: [double, double, bigint]
        Reducer 2 
            Execution mode: vectorized, llap
            Reduce Vectorization:
                enabled: true
                enableConditionsMet: hive.vectorized.execution.reduce.enabled IS true, hive.execution.engine tez IN [tez, spark] IS true
                reduceColumnNullOrder: z
                reduceColumnSortOrder: +
                allNative: true
                usesVectorUDFAdaptor: false
                vectorized: true
                rowBatchContext:
                    dataColumnCount: 2
                    dataColumns: KEY.reducesinkkey0:string, VALUE._col0:bigint
                    partitionColumnCount: 0
                    scratchColumnTypeNames: [bigint]
            Reduce Operator Tree:
              Select Operator
                expressions: KEY.reducesinkkey0 (type: string), VALUE._col0 (type: bigint)
                outputColumnNames: _col0, _col1
                Select Vectorization:
                    className: VectorSelectOperator
                    native: true
                    projectedOutputColumnNums: [0, 1]
                Statistics: Num rows: 1 Data size: 184 Basic stats: COMPLETE Column stats: NONE
                Limit
                  Number of rows: 3
                  Limit Vectorization:
                      className: VectorLimitOperator
                      native: true
                  Statistics: Num rows: 1 Data size: 184 Basic stats: COMPLETE Column stats: NONE
                  Select Operator
                    expressions: UDFToInteger(_col0) (type: int), _col1 (type: bigint)
                    outputColumnNames: _col0, _col1
                    Select Vectorization:
                        className: VectorSelectOperator
                        native: true
                        projectedOutputColumnNums: [2, 1]
                        selectExpressions: CastStringToLong(col 0:string) -> 2:int
                    Statistics: Num rows: 1 Data size: 184 Basic stats: COMPLETE Column stats: NONE
                    Reduce Output Operator
                      key expressions: _col1 (type: bigint), _col0 (type: string)
                      null sort order: az
                      sort order: ++
                      Map-reduce partition columns: _col1 (type: bigint)
                      Reduce Sink Vectorization:
                          className: VectorReduceSinkObjectHashOperator
                          keyColumns: 1:bigint, 2:string
                          native: true
                          nativeConditionsMet: hive.vectorized.execution.reducesink.new.enabled IS true, hive.execution.engine tez IN [tez, spark] IS true, No PTF TopN IS true, No DISTINCT columns IS true, BinarySortableSerDe for keys IS true, LazyBinarySerDe for values IS true
                          partitionColumns: 1:bigint
                          valueColumns: 2:int
                      Statistics: Num rows: 1 Data size: 184 Basic stats: COMPLETE Column stats: NONE
                      value expressions: _col0 (type: int)
        Reducer 3 
            Execution mode: vectorized, llap
            Reduce Vectorization:
                enabled: true
                enableConditionsMet: hive.vectorized.execution.reduce.enabled IS true, hive.execution.engine tez IN [tez, spark] IS true
                reduceColumnNullOrder: az
                reduceColumnSortOrder: ++
                allNative: false
                usesVectorUDFAdaptor: false
                vectorized: true
                rowBatchContext:
                    dataColumnCount: 3
                    dataColumns: KEY._col1:bigint, KEY._col0:string, VALUE._col0:int
                    partitionColumnCount: 0
                    scratchColumnTypeNames: []
            Reduce Operator Tree:
              Select Operator
                expressions: VALUE._col0 (type: int), KEY._col1 (type: bigint)
                outputColumnNames: _col0, _col1
                Select Vectorization:
                    className: VectorSelectOperator
                    native: true
                    projectedOutputColumnNums: [2, 0]
                File Output Operator
                  compressed: false
                  Dp Sort State: PARTITION_SORTED
                  File Sink Vectorization:
                      className: VectorFileSinkOperator
                      native: false
                  Statistics: Num rows: 1 Data size: 184 Basic stats: COMPLETE Column stats: NONE
                  table:
                      input format: org.apache.hadoop.mapred.TextInputFormat
                      output format: org.apache.hadoop.hive.ql.io.HiveIgnoreKeyTextOutputFormat
                      serde: org.apache.hadoop.hive.serde2.lazy.LazySimpleSerDe
                      name: default.ctas_part

  Stage: Stage-2
    Dependency Collection

  Stage: Stage-0
    Move Operator
      tables:
          partition:
            modkey 
          replace: true
          table:
              input format: org.apache.hadoop.mapred.TextInputFormat
              output format: org.apache.hadoop.hive.ql.io.HiveIgnoreKeyTextOutputFormat
              serde: org.apache.hadoop.hive.serde2.lazy.LazySimpleSerDe
              name: default.ctas_part

